# JRE version: OpenJDK Runtime Environment (Zulu 8.68.0.21-CA-win64) (8.0_362-b09) (build 1.8.0_362-b09)
# Java VM: OpenJDK 64-Bit Server VM (25.362-b09 mixed mode windows-amd64 compressed oops)
Heap:
 PSYoungGen      total 148480K, used 10375K [0x00000000d5580000, 0x00000000df100000, 0x0000000100000000)
  eden space 140800K, 1% used [0x00000000d5580000,0x00000000d5825ff0,0x00000000ddf00000)
  from space 7680K, 99% used [0x00000000de980000,0x00000000df0fbd60,0x00000000df100000)
  to   space 9216K, 0% used [0x00000000ddf00000,0x00000000ddf00000,0x00000000de800000)
 ParOldGen       total 32768K, used 16019K [0x0000000080000000, 0x0000000082000000, 0x00000000d5580000)
  object space 32768K, 48% used [0x0000000080000000,0x0000000080fa4c28,0x0000000082000000)
 Metaspace       used 31242K, capacity 32145K, committed 32512K, reserved 1077248K
  class space    used 3715K, capacity 3975K, committed 4096K, reserved 1048576K
GC Heap History (10 events):
Event: 6.599 GC heap before
{Heap before GC invocations=11 (full 1):
 PSYoungGen      total 67072K, used 59392K [0x00000000d5580000, 0x00000000dc080000, 0x0000000100000000)
  eden space 59392K, 100% used [0x00000000d5580000,0x00000000d8f80000,0x00000000d8f80000)
  from space 7680K, 0% used [0x00000000d8f80000,0x00000000d8f80000,0x00000000d9700000)
  to   space 7168K, 0% used [0x00000000db980000,0x00000000db980000,0x00000000dc080000)
 ParOldGen       total 32768K, used 8545K [0x0000000080000000, 0x0000000082000000, 0x00000000d5580000)
  object space 32768K, 26% used [0x0000000080000000,0x0000000080858560,0x0000000082000000)
 Metaspace       used 22647K, capacity 23043K, committed 23424K, reserved 1071104K
  class space    used 2509K, capacity 2651K, committed 2688K, reserved 1048576K
Event: 6.602 GC heap after
Heap after GC invocations=11 (full 1):
 PSYoungGen      total 84480K, used 3062K [0x00000000d5580000, 0x00000000dbc80000, 0x0000000100000000)
  eden space 81408K, 0% used [0x00000000d5580000,0x00000000d5580000,0x00000000da500000)
  from space 3072K, 99% used [0x00000000db980000,0x00000000dbc7dbf0,0x00000000dbc80000)
  to   space 7168K, 0% used [0x00000000dae80000,0x00000000dae80000,0x00000000db580000)
 ParOldGen       total 32768K, used 8553K [0x0000000080000000, 0x0000000082000000, 0x00000000d5580000)
  object space 32768K, 26% used [0x0000000080000000,0x000000008085a560,0x0000000082000000)
 Metaspace       used 22647K, capacity 23043K, committed 23424K, reserved 1071104K
  class space    used 2509K, capacity 2651K, committed 2688K, reserved 1048576K
}
Event: 7.028 GC heap before
{Heap before GC invocations=12 (full 1):
 PSYoungGen      total 84480K, used 84470K [0x00000000d5580000, 0x00000000dbc80000, 0x0000000100000000)
  eden space 81408K, 100% used [0x00000000d5580000,0x00000000da500000,0x00000000da500000)
  from space 3072K, 99% used [0x00000000db980000,0x00000000dbc7dbf0,0x00000000dbc80000)
  to   space 7168K, 0% used [0x00000000dae80000,0x00000000dae80000,0x00000000db580000)
 ParOldGen       total 32768K, used 8553K [0x0000000080000000, 0x0000000082000000, 0x00000000d5580000)
  object space 32768K, 26% used [0x0000000080000000,0x000000008085a560,0x0000000082000000)
 Metaspace       used 22949K, capacity 23299K, committed 23680K, reserved 1071104K
  class space    used 2519K, capacity 2651K, committed 2688K, reserved 1048576K
Event: 7.032 GC heap after
Heap after GC invocations=12 (full 1):
 PSYoungGen      total 98304K, used 530K [0x00000000d5580000, 0x00000000dcf80000, 0x0000000100000000)
  eden space 91136K, 0% used [0x00000000d5580000,0x00000000d5580000,0x00000000dae80000)
  from space 7168K, 7% used [0x00000000dae80000,0x00000000daf04908,0x00000000db580000)
  to   space 7680K, 0% used [0x00000000dc800000,0x00000000dc800000,0x00000000dcf80000)
 ParOldGen       total 32768K, used 10741K [0x0000000080000000, 0x0000000082000000, 0x00000000d5580000)
  object space 32768K, 32% used [0x0000000080000000,0x0000000080a7d710,0x0000000082000000)
 Metaspace       used 22949K, capacity 23299K, committed 23680K, reserved 1071104K
  class space    used 2519K, capacity 2651K, committed 2688K, reserved 1048576K
}
Event: 7.648 GC heap before
{Heap before GC invocations=13 (full 1):
 PSYoungGen      total 98304K, used 91666K [0x00000000d5580000, 0x00000000dcf80000, 0x0000000100000000)
  eden space 91136K, 100% used [0x00000000d5580000,0x00000000dae80000,0x00000000dae80000)
  from space 7168K, 7% used [0x00000000dae80000,0x00000000daf04908,0x00000000db580000)
  to   space 7680K, 0% used [0x00000000dc800000,0x00000000dc800000,0x00000000dcf80000)
 ParOldGen       total 32768K, used 10741K [0x0000000080000000, 0x0000000082000000, 0x00000000d5580000)
  object space 32768K, 32% used [0x0000000080000000,0x0000000080a7d710,0x0000000082000000)
 Metaspace       used 23498K, capacity 23845K, committed 24064K, reserved 1071104K
  class space    used 2584K, capacity 2725K, committed 2816K, reserved 1048576K
Event: 7.654 GC heap after
Heap after GC invocations=13 (full 1):
 PSYoungGen      total 117760K, used 4448K [0x00000000d5580000, 0x00000000dd980000, 0x0000000100000000)
  eden space 110080K, 0% used [0x00000000d5580000,0x00000000d5580000,0x00000000dc100000)
  from space 7680K, 57% used [0x00000000dc800000,0x00000000dcc58000,0x00000000dcf80000)
  to   space 7168K, 0% used [0x00000000dc100000,0x00000000dc100000,0x00000000dc800000)
 ParOldGen       total 32768K, used 10861K [0x0000000080000000, 0x0000000082000000, 0x00000000d5580000)
  object space 32768K, 33% used [0x0000000080000000,0x0000000080a9b730,0x0000000082000000)
 Metaspace       used 23498K, capacity 23845K, committed 24064K, reserved 1071104K
  class space    used 2584K, capacity 2725K, committed 2816K, reserved 1048576K
}
Event: 8.687 GC heap before
{Heap before GC invocations=14 (full 1):
 PSYoungGen      total 117760K, used 114528K [0x00000000d5580000, 0x00000000dd980000, 0x0000000100000000)
  eden space 110080K, 100% used [0x00000000d5580000,0x00000000dc100000,0x00000000dc100000)
  from space 7680K, 57% used [0x00000000dc800000,0x00000000dcc58000,0x00000000dcf80000)
  to   space 7168K, 0% used [0x00000000dc100000,0x00000000dc100000,0x00000000dc800000)
 ParOldGen       total 32768K, used 10861K [0x0000000080000000, 0x0000000082000000, 0x00000000d5580000)
  object space 32768K, 33% used [0x0000000080000000,0x0000000080a9b730,0x0000000082000000)
 Metaspace       used 23719K, capacity 24113K, committed 24320K, reserved 1071104K
  class space    used 2619K, capacity 2773K, committed 2816K, reserved 1048576K
Event: 8.699 GC heap after
Heap after GC invocations=14 (full 1):
 PSYoungGen      total 117248K, used 576K [0x00000000d5580000, 0x00000000df100000, 0x0000000100000000)
  eden space 110080K, 0% used [0x00000000d5580000,0x00000000d5580000,0x00000000dc100000)
  from space 7168K, 8% used [0x00000000dc100000,0x00000000dc190000,0x00000000dc800000)
  to   space 7680K, 0% used [0x00000000de980000,0x00000000de980000,0x00000000df100000)
 ParOldGen       total 32768K, used 14931K [0x0000000080000000, 0x0000000082000000, 0x00000000d5580000)
  object space 32768K, 45% used [0x0000000080000000,0x0000000080e94cd8,0x0000000082000000)
 Metaspace       used 23719K, capacity 24113K, committed 24320K, reserved 1071104K
  class space    used 2619K, capacity 2773K, committed 2816K, reserved 1048576K
}
Event: 42.671 GC heap before
{Heap before GC invocations=15 (full 1):
 PSYoungGen      total 117248K, used 110656K [0x00000000d5580000, 0x00000000df100000, 0x0000000100000000)
  eden space 110080K, 100% used [0x00000000d5580000,0x00000000dc100000,0x00000000dc100000)
  from space 7168K, 8% used [0x00000000dc100000,0x00000000dc190000,0x00000000dc800000)
  to   space 7680K, 0% used [0x00000000de980000,0x00000000de980000,0x00000000df100000)
 ParOldGen       total 32768K, used 14931K [0x0000000080000000, 0x0000000082000000, 0x00000000d5580000)
  object space 32768K, 45% used [0x0000000080000000,0x0000000080e94cd8,0x0000000082000000)
 Metaspace       used 31242K, capacity 32145K, committed 32512K, reserved 1077248K
  class space    used 3715K, capacity 3975K, committed 4096K, reserved 1048576K
Event: 42.813 GC heap after
Heap after GC invocations=15 (full 1):
 PSYoungGen      total 148480K, used 7663K [0x00000000d5580000, 0x00000000df100000, 0x0000000100000000)
  eden space 140800K, 0% used [0x00000000d5580000,0x00000000d5580000,0x00000000ddf00000)
  from space 7680K, 99% used [0x00000000de980000,0x00000000df0fbd60,0x00000000df100000)
  to   space 9216K, 0% used [0x00000000ddf00000,0x00000000ddf00000,0x00000000de800000)
 ParOldGen       total 32768K, used 16019K [0x0000000080000000, 0x0000000082000000, 0x00000000d5580000)
  object space 32768K, 48% used [0x0000000080000000,0x0000000080fa4c28,0x0000000082000000)
 Metaspace       used 31242K, capacity 32145K, committed 32512K, reserved 1077248K
  class space    used 3715K, capacity 3975K, committed 4096K, reserved 1048576K
}

